00:03.090  render           | Saved: '/data3/hugin/vsr/stimuli/m4a_v1_counterbalanced_pilot_j2/images/m4a_v1_counterbalanced_pilot_j2_00000.png'
00:03.140  render           | Saved: '/data3/hugin/vsr/stimuli/m4a_v1_counterbalanced_pilot_j2/.m4a_v1_counterbalanced_pilot_j2_00000_id.png'
00:03.317  render           | Saved: '/data3/hugin/vsr/stimuli/m4a_v1_counterbalanced_pilot_j2/.m4a_v1_counterbalanced_pilot_j2_00000_solo0_id.png'
00:03.452  render           | Saved: '/data3/hugin/vsr/stimuli/m4a_v1_counterbalanced_pilot_j2/.m4a_v1_counterbalanced_pilot_j2_00000_solo1_id.png'
00:05.439  render           | Saved: '/data3/hugin/vsr/stimuli/m4a_v1_counterbalanced_pilot_j2/images/m4a_v1_counterbalanced_pilot_j2_00001.png'
00:05.531  render           | Saved: '/data3/hugin/vsr/stimuli/m4a_v1_counterbalanced_pilot_j2/.m4a_v1_counterbalanced_pilot_j2_00001_id.png'
00:05.847  render           | Saved: '/data3/hugin/vsr/stimuli/m4a_v1_counterbalanced_pilot_j2/.m4a_v1_counterbalanced_pilot_j2_00001_solo0_id.png'
00:06.368  render           | Saved: '/data3/hugin/vsr/stimuli/m4a_v1_counterbalanced_pilot_j2/.m4a_v1_counterbalanced_pilot_j2_00001_solo1_id.png'
00:06.814  render           | Saved: '/data3/hugin/vsr/stimuli/m4a_v1_counterbalanced_pilot_j2/.m4a_v1_counterbalanced_pilot_j2_00001_solo2_id.png'
00:09.624  render           | Saved: '/data3/hugin/vsr/stimuli/m4a_v1_counterbalanced_pilot_j2/images/m4a_v1_counterbalanced_pilot_j2_00002.png'
00:09.693  render           | Saved: '/data3/hugin/vsr/stimuli/m4a_v1_counterbalanced_pilot_j2/.m4a_v1_counterbalanced_pilot_j2_00002_id.png'
00:09.897  render           | Saved: '/data3/hugin/vsr/stimuli/m4a_v1_counterbalanced_pilot_j2/.m4a_v1_counterbalanced_pilot_j2_00002_solo0_id.png'
00:10.128  render           | Saved: '/data3/hugin/vsr/stimuli/m4a_v1_counterbalanced_pilot_j2/.m4a_v1_counterbalanced_pilot_j2_00002_solo1_id.png'
00:12.027  render           | Saved: '/data3/hugin/vsr/stimuli/m4a_v1_counterbalanced_pilot_j2/images/m4a_v1_counterbalanced_pilot_j2_00003.png'
00:12.085  render           | Saved: '/data3/hugin/vsr/stimuli/m4a_v1_counterbalanced_pilot_j2/.m4a_v1_counterbalanced_pilot_j2_00003_id.png'
00:12.237  render           | Saved: '/data3/hugin/vsr/stimuli/m4a_v1_counterbalanced_pilot_j2/.m4a_v1_counterbalanced_pilot_j2_00003_solo0_id.png'
00:12.379  render           | Saved: '/data3/hugin/vsr/stimuli/m4a_v1_counterbalanced_pilot_j2/.m4a_v1_counterbalanced_pilot_j2_00003_solo1_id.png'
00:14.359  render           | Saved: '/data3/hugin/vsr/stimuli/m4a_v1_counterbalanced_pilot_j2/images/m4a_v1_counterbalanced_pilot_j2_00004.png'
00:14.404  render           | Saved: '/data3/hugin/vsr/stimuli/m4a_v1_counterbalanced_pilot_j2/.m4a_v1_counterbalanced_pilot_j2_00004_id.png'
00:14.539  render           | Saved: '/data3/hugin/vsr/stimuli/m4a_v1_counterbalanced_pilot_j2/.m4a_v1_counterbalanced_pilot_j2_00004_solo0_id.png'
00:14.665  render           | Saved: '/data3/hugin/vsr/stimuli/m4a_v1_counterbalanced_pilot_j2/.m4a_v1_counterbalanced_pilot_j2_00004_solo1_id.png'
00:16.454  render           | Saved: '/data3/hugin/vsr/stimuli/m4a_v1_counterbalanced_pilot_j2/images/m4a_v1_counterbalanced_pilot_j2_00005.png'
00:16.512  render           | Saved: '/data3/hugin/vsr/stimuli/m4a_v1_counterbalanced_pilot_j2/.m4a_v1_counterbalanced_pilot_j2_00005_id.png'
00:16.673  render           | Saved: '/data3/hugin/vsr/stimuli/m4a_v1_counterbalanced_pilot_j2/.m4a_v1_counterbalanced_pilot_j2_00005_solo0_id.png'
00:16.804  render           | Saved: '/data3/hugin/vsr/stimuli/m4a_v1_counterbalanced_pilot_j2/.m4a_v1_counterbalanced_pilot_j2_00005_solo1_id.png'
00:16.927  render           | Saved: '/data3/hugin/vsr/stimuli/m4a_v1_counterbalanced_pilot_j2/.m4a_v1_counterbalanced_pilot_j2_00005_solo2_id.png'
00:18.862  render           | Saved: '/data3/hugin/vsr/stimuli/m4a_v1_counterbalanced_pilot_j2/images/m4a_v1_counterbalanced_pilot_j2_00006.png'
00:18.918  render           | Saved: '/data3/hugin/vsr/stimuli/m4a_v1_counterbalanced_pilot_j2/.m4a_v1_counterbalanced_pilot_j2_00006_id.png'
00:19.071  render           | Saved: '/data3/hugin/vsr/stimuli/m4a_v1_counterbalanced_pilot_j2/.m4a_v1_counterbalanced_pilot_j2_00006_solo0_id.png'
00:19.200  render           | Saved: '/data3/hugin/vsr/stimuli/m4a_v1_counterbalanced_pilot_j2/.m4a_v1_counterbalanced_pilot_j2_00006_solo1_id.png'
00:21.025  render           | Saved: '/data3/hugin/vsr/stimuli/m4a_v1_counterbalanced_pilot_j2/images/m4a_v1_counterbalanced_pilot_j2_00007.png'
00:21.070  render           | Saved: '/data3/hugin/vsr/stimuli/m4a_v1_counterbalanced_pilot_j2/.m4a_v1_counterbalanced_pilot_j2_00007_id.png'
00:21.213  render           | Saved: '/data3/hugin/vsr/stimuli/m4a_v1_counterbalanced_pilot_j2/.m4a_v1_counterbalanced_pilot_j2_00007_solo0_id.png'
00:21.344  render           | Saved: '/data3/hugin/vsr/stimuli/m4a_v1_counterbalanced_pilot_j2/.m4a_v1_counterbalanced_pilot_j2_00007_solo1_id.png'
00:21.477  render           | Saved: '/data3/hugin/vsr/stimuli/m4a_v1_counterbalanced_pilot_j2/.m4a_v1_counterbalanced_pilot_j2_00007_solo2_id.png'
00:23.383  render           | Saved: '/data3/hugin/vsr/stimuli/m4a_v1_counterbalanced_pilot_j2/images/m4a_v1_counterbalanced_pilot_j2_00008.png'
00:23.428  render           | Saved: '/data3/hugin/vsr/stimuli/m4a_v1_counterbalanced_pilot_j2/.m4a_v1_counterbalanced_pilot_j2_00008_id.png'
00:23.566  render           | Saved: '/data3/hugin/vsr/stimuli/m4a_v1_counterbalanced_pilot_j2/.m4a_v1_counterbalanced_pilot_j2_00008_solo0_id.png'
00:23.691  render           | Saved: '/data3/hugin/vsr/stimuli/m4a_v1_counterbalanced_pilot_j2/.m4a_v1_counterbalanced_pilot_j2_00008_solo1_id.png'
00:25.513  render           | Saved: '/data3/hugin/vsr/stimuli/m4a_v1_counterbalanced_pilot_j2/images/m4a_v1_counterbalanced_pilot_j2_00009.png'
00:25.571  render           | Saved: '/data3/hugin/vsr/stimuli/m4a_v1_counterbalanced_pilot_j2/.m4a_v1_counterbalanced_pilot_j2_00009_id.png'
00:25.712  render           | Saved: '/data3/hugin/vsr/stimuli/m4a_v1_counterbalanced_pilot_j2/.m4a_v1_counterbalanced_pilot_j2_00009_solo0_id.png'
00:25.858  render           | Saved: '/data3/hugin/vsr/stimuli/m4a_v1_counterbalanced_pilot_j2/.m4a_v1_counterbalanced_pilot_j2_00009_solo1_id.png'
00:27.730  render           | Saved: '/data3/hugin/vsr/stimuli/m4a_v1_counterbalanced_pilot_j2/images/m4a_v1_counterbalanced_pilot_j2_00010.png'
00:27.776  render           | Saved: '/data3/hugin/vsr/stimuli/m4a_v1_counterbalanced_pilot_j2/.m4a_v1_counterbalanced_pilot_j2_00010_id.png'
00:27.919  render           | Saved: '/data3/hugin/vsr/stimuli/m4a_v1_counterbalanced_pilot_j2/.m4a_v1_counterbalanced_pilot_j2_00010_solo0_id.png'
00:28.048  render           | Saved: '/data3/hugin/vsr/stimuli/m4a_v1_counterbalanced_pilot_j2/.m4a_v1_counterbalanced_pilot_j2_00010_solo1_id.png'
00:29.975  render           | Saved: '/data3/hugin/vsr/stimuli/m4a_v1_counterbalanced_pilot_j2/images/m4a_v1_counterbalanced_pilot_j2_00011.png'
00:30.025  render           | Saved: '/data3/hugin/vsr/stimuli/m4a_v1_counterbalanced_pilot_j2/.m4a_v1_counterbalanced_pilot_j2_00011_id.png'
00:30.173  render           | Saved: '/data3/hugin/vsr/stimuli/m4a_v1_counterbalanced_pilot_j2/.m4a_v1_counterbalanced_pilot_j2_00011_solo0_id.png'
00:30.299  render           | Saved: '/data3/hugin/vsr/stimuli/m4a_v1_counterbalanced_pilot_j2/.m4a_v1_counterbalanced_pilot_j2_00011_solo1_id.png'
00:32.080  render           | Saved: '/data3/hugin/vsr/stimuli/m4a_v1_counterbalanced_pilot_j2/images/m4a_v1_counterbalanced_pilot_j2_00012.png'
00:32.127  render           | Saved: '/data3/hugin/vsr/stimuli/m4a_v1_counterbalanced_pilot_j2/.m4a_v1_counterbalanced_pilot_j2_00012_id.png'
00:32.273  render           | Saved: '/data3/hugin/vsr/stimuli/m4a_v1_counterbalanced_pilot_j2/.m4a_v1_counterbalanced_pilot_j2_00012_solo0_id.png'
00:32.402  render           | Saved: '/data3/hugin/vsr/stimuli/m4a_v1_counterbalanced_pilot_j2/.m4a_v1_counterbalanced_pilot_j2_00012_solo1_id.png'
00:34.488  render           | Saved: '/data3/hugin/vsr/stimuli/m4a_v1_counterbalanced_pilot_j2/images/m4a_v1_counterbalanced_pilot_j2_00013.png'
00:34.582  render           | Saved: '/data3/hugin/vsr/stimuli/m4a_v1_counterbalanced_pilot_j2/.m4a_v1_counterbalanced_pilot_j2_00013_id.png'
00:34.875  render           | Saved: '/data3/hugin/vsr/stimuli/m4a_v1_counterbalanced_pilot_j2/.m4a_v1_counterbalanced_pilot_j2_00013_solo0_id.png'
00:35.129  render           | Saved: '/data3/hugin/vsr/stimuli/m4a_v1_counterbalanced_pilot_j2/.m4a_v1_counterbalanced_pilot_j2_00013_solo1_id.png'
00:37.336  render           | Saved: '/data3/hugin/vsr/stimuli/m4a_v1_counterbalanced_pilot_j2/images/m4a_v1_counterbalanced_pilot_j2_00014.png'
00:37.396  render           | Saved: '/data3/hugin/vsr/stimuli/m4a_v1_counterbalanced_pilot_j2/.m4a_v1_counterbalanced_pilot_j2_00014_id.png'
00:37.622  render           | Saved: '/data3/hugin/vsr/stimuli/m4a_v1_counterbalanced_pilot_j2/.m4a_v1_counterbalanced_pilot_j2_00014_solo0_id.png'
00:37.777  render           | Saved: '/data3/hugin/vsr/stimuli/m4a_v1_counterbalanced_pilot_j2/.m4a_v1_counterbalanced_pilot_j2_00014_solo1_id.png'
00:39.866  render           | Saved: '/data3/hugin/vsr/stimuli/m4a_v1_counterbalanced_pilot_j2/images/m4a_v1_counterbalanced_pilot_j2_00015.png'
00:39.922  render           | Saved: '/data3/hugin/vsr/stimuli/m4a_v1_counterbalanced_pilot_j2/.m4a_v1_counterbalanced_pilot_j2_00015_id.png'
00:40.077  render           | Saved: '/data3/hugin/vsr/stimuli/m4a_v1_counterbalanced_pilot_j2/.m4a_v1_counterbalanced_pilot_j2_00015_solo0_id.png'
00:40.213  render           | Saved: '/data3/hugin/vsr/stimuli/m4a_v1_counterbalanced_pilot_j2/.m4a_v1_counterbalanced_pilot_j2_00015_solo1_id.png'
00:42.105  render           | Saved: '/data3/hugin/vsr/stimuli/m4a_v1_counterbalanced_pilot_j2/images/m4a_v1_counterbalanced_pilot_j2_00016.png'
00:42.149  render           | Saved: '/data3/hugin/vsr/stimuli/m4a_v1_counterbalanced_pilot_j2/.m4a_v1_counterbalanced_pilot_j2_00016_id.png'
00:42.284  render           | Saved: '/data3/hugin/vsr/stimuli/m4a_v1_counterbalanced_pilot_j2/.m4a_v1_counterbalanced_pilot_j2_00016_solo0_id.png'
00:42.412  render           | Saved: '/data3/hugin/vsr/stimuli/m4a_v1_counterbalanced_pilot_j2/.m4a_v1_counterbalanced_pilot_j2_00016_solo1_id.png'
00:44.304  render           | Saved: '/data3/hugin/vsr/stimuli/m4a_v1_counterbalanced_pilot_j2/images/m4a_v1_counterbalanced_pilot_j2_00017.png'
00:44.359  render           | Saved: '/data3/hugin/vsr/stimuli/m4a_v1_counterbalanced_pilot_j2/.m4a_v1_counterbalanced_pilot_j2_00017_id.png'
00:44.498  render           | Saved: '/data3/hugin/vsr/stimuli/m4a_v1_counterbalanced_pilot_j2/.m4a_v1_counterbalanced_pilot_j2_00017_solo0_id.png'
00:44.634  render           | Saved: '/data3/hugin/vsr/stimuli/m4a_v1_counterbalanced_pilot_j2/.m4a_v1_counterbalanced_pilot_j2_00017_solo1_id.png'
00:46.412  render           | Saved: '/data3/hugin/vsr/stimuli/m4a_v1_counterbalanced_pilot_j2/images/m4a_v1_counterbalanced_pilot_j2_00018.png'
00:46.463  render           | Saved: '/data3/hugin/vsr/stimuli/m4a_v1_counterbalanced_pilot_j2/.m4a_v1_counterbalanced_pilot_j2_00018_id.png'
00:46.612  render           | Saved: '/data3/hugin/vsr/stimuli/m4a_v1_counterbalanced_pilot_j2/.m4a_v1_counterbalanced_pilot_j2_00018_solo0_id.png'
00:46.743  render           | Saved: '/data3/hugin/vsr/stimuli/m4a_v1_counterbalanced_pilot_j2/.m4a_v1_counterbalanced_pilot_j2_00018_solo1_id.png'
00:48.736  render           | Saved: '/data3/hugin/vsr/stimuli/m4a_v1_counterbalanced_pilot_j2/images/m4a_v1_counterbalanced_pilot_j2_00019.png'
00:48.783  render           | Saved: '/data3/hugin/vsr/stimuli/m4a_v1_counterbalanced_pilot_j2/.m4a_v1_counterbalanced_pilot_j2_00019_id.png'
00:48.928  render           | Saved: '/data3/hugin/vsr/stimuli/m4a_v1_counterbalanced_pilot_j2/.m4a_v1_counterbalanced_pilot_j2_00019_solo0_id.png'
00:49.055  render           | Saved: '/data3/hugin/vsr/stimuli/m4a_v1_counterbalanced_pilot_j2/.m4a_v1_counterbalanced_pilot_j2_00019_solo1_id.png'
00:49.186  render           | Saved: '/data3/hugin/vsr/stimuli/m4a_v1_counterbalanced_pilot_j2/.m4a_v1_counterbalanced_pilot_j2_00019_solo2_id.png'
00:51.145  render           | Saved: '/data3/hugin/vsr/stimuli/m4a_v1_counterbalanced_pilot_j2/images/m4a_v1_counterbalanced_pilot_j2_00020.png'
00:51.190  render           | Saved: '/data3/hugin/vsr/stimuli/m4a_v1_counterbalanced_pilot_j2/.m4a_v1_counterbalanced_pilot_j2_00020_id.png'
00:51.342  render           | Saved: '/data3/hugin/vsr/stimuli/m4a_v1_counterbalanced_pilot_j2/.m4a_v1_counterbalanced_pilot_j2_00020_solo0_id.png'
00:51.463  render           | Saved: '/data3/hugin/vsr/stimuli/m4a_v1_counterbalanced_pilot_j2/.m4a_v1_counterbalanced_pilot_j2_00020_solo1_id.png'
00:51.591  render           | Saved: '/data3/hugin/vsr/stimuli/m4a_v1_counterbalanced_pilot_j2/.m4a_v1_counterbalanced_pilot_j2_00020_solo2_id.png'
00:53.448  render           | Saved: '/data3/hugin/vsr/stimuli/m4a_v1_counterbalanced_pilot_j2/images/m4a_v1_counterbalanced_pilot_j2_00021.png'
00:53.495  render           | Saved: '/data3/hugin/vsr/stimuli/m4a_v1_counterbalanced_pilot_j2/.m4a_v1_counterbalanced_pilot_j2_00021_id.png'
00:53.638  render           | Saved: '/data3/hugin/vsr/stimuli/m4a_v1_counterbalanced_pilot_j2/.m4a_v1_counterbalanced_pilot_j2_00021_solo0_id.png'
00:53.759  render           | Saved: '/data3/hugin/vsr/stimuli/m4a_v1_counterbalanced_pilot_j2/.m4a_v1_counterbalanced_pilot_j2_00021_solo1_id.png'
00:55.541  render           | Saved: '/data3/hugin/vsr/stimuli/m4a_v1_counterbalanced_pilot_j2/images/m4a_v1_counterbalanced_pilot_j2_00022.png'
00:55.596  render           | Saved: '/data3/hugin/vsr/stimuli/m4a_v1_counterbalanced_pilot_j2/.m4a_v1_counterbalanced_pilot_j2_00022_id.png'
00:55.754  render           | Saved: '/data3/hugin/vsr/stimuli/m4a_v1_counterbalanced_pilot_j2/.m4a_v1_counterbalanced_pilot_j2_00022_solo0_id.png'
00:55.875  render           | Saved: '/data3/hugin/vsr/stimuli/m4a_v1_counterbalanced_pilot_j2/.m4a_v1_counterbalanced_pilot_j2_00022_solo1_id.png'
00:57.638  render           | Saved: '/data3/hugin/vsr/stimuli/m4a_v1_counterbalanced_pilot_j2/images/m4a_v1_counterbalanced_pilot_j2_00023.png'
00:57.683  render           | Saved: '/data3/hugin/vsr/stimuli/m4a_v1_counterbalanced_pilot_j2/.m4a_v1_counterbalanced_pilot_j2_00023_id.png'
00:57.832  render           | Saved: '/data3/hugin/vsr/stimuli/m4a_v1_counterbalanced_pilot_j2/.m4a_v1_counterbalanced_pilot_j2_00023_solo0_id.png'
00:57.952  render           | Saved: '/data3/hugin/vsr/stimuli/m4a_v1_counterbalanced_pilot_j2/.m4a_v1_counterbalanced_pilot_j2_00023_solo1_id.png'
00:59.826  render           | Saved: '/data3/hugin/vsr/stimuli/m4a_v1_counterbalanced_pilot_j2/images/m4a_v1_counterbalanced_pilot_j2_00024.png'
00:59.877  render           | Saved: '/data3/hugin/vsr/stimuli/m4a_v1_counterbalanced_pilot_j2/.m4a_v1_counterbalanced_pilot_j2_00024_id.png'
01:00.013  render           | Saved: '/data3/hugin/vsr/stimuli/m4a_v1_counterbalanced_pilot_j2/.m4a_v1_counterbalanced_pilot_j2_00024_solo0_id.png'
01:00.147  render           | Saved: '/data3/hugin/vsr/stimuli/m4a_v1_counterbalanced_pilot_j2/.m4a_v1_counterbalanced_pilot_j2_00024_solo1_id.png'
02:08:02 INFO sbind.render: 25/60 rendered (2.36 s/img)
01:02.238  render           | Saved: '/data3/hugin/vsr/stimuli/m4a_v1_counterbalanced_pilot_j2/images/m4a_v1_counterbalanced_pilot_j2_00025.png'
01:02.295  render           | Saved: '/data3/hugin/vsr/stimuli/m4a_v1_counterbalanced_pilot_j2/.m4a_v1_counterbalanced_pilot_j2_00025_id.png'
01:02.455  render           | Saved: '/data3/hugin/vsr/stimuli/m4a_v1_counterbalanced_pilot_j2/.m4a_v1_counterbalanced_pilot_j2_00025_solo0_id.png'
01:02.580  render           | Saved: '/data3/hugin/vsr/stimuli/m4a_v1_counterbalanced_pilot_j2/.m4a_v1_counterbalanced_pilot_j2_00025_solo1_id.png'
01:04.349  render           | Saved: '/data3/hugin/vsr/stimuli/m4a_v1_counterbalanced_pilot_j2/images/m4a_v1_counterbalanced_pilot_j2_00026.png'
01:04.403  render           | Saved: '/data3/hugin/vsr/stimuli/m4a_v1_counterbalanced_pilot_j2/.m4a_v1_counterbalanced_pilot_j2_00026_id.png'
01:04.572  render           | Saved: '/data3/hugin/vsr/stimuli/m4a_v1_counterbalanced_pilot_j2/.m4a_v1_counterbalanced_pilot_j2_00026_solo0_id.png'
01:04.695  render           | Saved: '/data3/hugin/vsr/stimuli/m4a_v1_counterbalanced_pilot_j2/.m4a_v1_counterbalanced_pilot_j2_00026_solo1_id.png'
01:04.818  render           | Saved: '/data3/hugin/vsr/stimuli/m4a_v1_counterbalanced_pilot_j2/.m4a_v1_counterbalanced_pilot_j2_00026_solo2_id.png'
01:06.714  render           | Saved: '/data3/hugin/vsr/stimuli/m4a_v1_counterbalanced_pilot_j2/images/m4a_v1_counterbalanced_pilot_j2_00027.png'
01:06.763  render           | Saved: '/data3/hugin/vsr/stimuli/m4a_v1_counterbalanced_pilot_j2/.m4a_v1_counterbalanced_pilot_j2_00027_id.png'
01:06.900  render           | Saved: '/data3/hugin/vsr/stimuli/m4a_v1_counterbalanced_pilot_j2/.m4a_v1_counterbalanced_pilot_j2_00027_solo0_id.png'
01:07.037  render           | Saved: '/data3/hugin/vsr/stimuli/m4a_v1_counterbalanced_pilot_j2/.m4a_v1_counterbalanced_pilot_j2_00027_solo1_id.png'
01:08.839  render           | Saved: '/data3/hugin/vsr/stimuli/m4a_v1_counterbalanced_pilot_j2/images/m4a_v1_counterbalanced_pilot_j2_00028.png'
01:08.881  render           | Saved: '/data3/hugin/vsr/stimuli/m4a_v1_counterbalanced_pilot_j2/.m4a_v1_counterbalanced_pilot_j2_00028_id.png'
01:09.022  render           | Saved: '/data3/hugin/vsr/stimuli/m4a_v1_counterbalanced_pilot_j2/.m4a_v1_counterbalanced_pilot_j2_00028_solo0_id.png'
01:09.143  render           | Saved: '/data3/hugin/vsr/stimuli/m4a_v1_counterbalanced_pilot_j2/.m4a_v1_counterbalanced_pilot_j2_00028_solo1_id.png'
01:10.955  render           | Saved: '/data3/hugin/vsr/stimuli/m4a_v1_counterbalanced_pilot_j2/images/m4a_v1_counterbalanced_pilot_j2_00029.png'
01:10.999  render           | Saved: '/data3/hugin/vsr/stimuli/m4a_v1_counterbalanced_pilot_j2/.m4a_v1_counterbalanced_pilot_j2_00029_id.png'
01:11.149  render           | Saved: '/data3/hugin/vsr/stimuli/m4a_v1_counterbalanced_pilot_j2/.m4a_v1_counterbalanced_pilot_j2_00029_solo0_id.png'
01:11.280  render           | Saved: '/data3/hugin/vsr/stimuli/m4a_v1_counterbalanced_pilot_j2/.m4a_v1_counterbalanced_pilot_j2_00029_solo1_id.png'
01:11.406  render           | Saved: '/data3/hugin/vsr/stimuli/m4a_v1_counterbalanced_pilot_j2/.m4a_v1_counterbalanced_pilot_j2_00029_solo2_id.png'
01:13.445  render           | Saved: '/data3/hugin/vsr/stimuli/m4a_v1_counterbalanced_pilot_j2/images/m4a_v1_counterbalanced_pilot_j2_00030.png'
01:13.505  render           | Saved: '/data3/hugin/vsr/stimuli/m4a_v1_counterbalanced_pilot_j2/.m4a_v1_counterbalanced_pilot_j2_00030_id.png'
01:13.663  render           | Saved: '/data3/hugin/vsr/stimuli/m4a_v1_counterbalanced_pilot_j2/.m4a_v1_counterbalanced_pilot_j2_00030_solo0_id.png'
01:13.802  render           | Saved: '/data3/hugin/vsr/stimuli/m4a_v1_counterbalanced_pilot_j2/.m4a_v1_counterbalanced_pilot_j2_00030_solo1_id.png'
01:15.664  render           | Saved: '/data3/hugin/vsr/stimuli/m4a_v1_counterbalanced_pilot_j2/images/m4a_v1_counterbalanced_pilot_j2_00031.png'
01:15.718  render           | Saved: '/data3/hugin/vsr/stimuli/m4a_v1_counterbalanced_pilot_j2/.m4a_v1_counterbalanced_pilot_j2_00031_id.png'
01:15.859  render           | Saved: '/data3/hugin/vsr/stimuli/m4a_v1_counterbalanced_pilot_j2/.m4a_v1_counterbalanced_pilot_j2_00031_solo0_id.png'
01:15.995  render           | Saved: '/data3/hugin/vsr/stimuli/m4a_v1_counterbalanced_pilot_j2/.m4a_v1_counterbalanced_pilot_j2_00031_solo1_id.png'
01:17.861  render           | Saved: '/data3/hugin/vsr/stimuli/m4a_v1_counterbalanced_pilot_j2/images/m4a_v1_counterbalanced_pilot_j2_00032.png'
01:17.915  render           | Saved: '/data3/hugin/vsr/stimuli/m4a_v1_counterbalanced_pilot_j2/.m4a_v1_counterbalanced_pilot_j2_00032_id.png'
01:18.070  render           | Saved: '/data3/hugin/vsr/stimuli/m4a_v1_counterbalanced_pilot_j2/.m4a_v1_counterbalanced_pilot_j2_00032_solo0_id.png'
01:18.206  render           | Saved: '/data3/hugin/vsr/stimuli/m4a_v1_counterbalanced_pilot_j2/.m4a_v1_counterbalanced_pilot_j2_00032_solo1_id.png'
01:19.906  render           | Saved: '/data3/hugin/vsr/stimuli/m4a_v1_counterbalanced_pilot_j2/images/m4a_v1_counterbalanced_pilot_j2_00033.png'
01:19.954  render           | Saved: '/data3/hugin/vsr/stimuli/m4a_v1_counterbalanced_pilot_j2/.m4a_v1_counterbalanced_pilot_j2_00033_id.png'
01:20.109  render           | Saved: '/data3/hugin/vsr/stimuli/m4a_v1_counterbalanced_pilot_j2/.m4a_v1_counterbalanced_pilot_j2_00033_solo0_id.png'
01:20.238  render           | Saved: '/data3/hugin/vsr/stimuli/m4a_v1_counterbalanced_pilot_j2/.m4a_v1_counterbalanced_pilot_j2_00033_solo1_id.png'
01:20.364  render           | Saved: '/data3/hugin/vsr/stimuli/m4a_v1_counterbalanced_pilot_j2/.m4a_v1_counterbalanced_pilot_j2_00033_solo2_id.png'
01:22.193  render           | Saved: '/data3/hugin/vsr/stimuli/m4a_v1_counterbalanced_pilot_j2/images/m4a_v1_counterbalanced_pilot_j2_00034.png'
01:22.250  render           | Saved: '/data3/hugin/vsr/stimuli/m4a_v1_counterbalanced_pilot_j2/.m4a_v1_counterbalanced_pilot_j2_00034_id.png'
01:22.411  render           | Saved: '/data3/hugin/vsr/stimuli/m4a_v1_counterbalanced_pilot_j2/.m4a_v1_counterbalanced_pilot_j2_00034_solo0_id.png'
01:22.537  render           | Saved: '/data3/hugin/vsr/stimuli/m4a_v1_counterbalanced_pilot_j2/.m4a_v1_counterbalanced_pilot_j2_00034_solo1_id.png'
01:24.313  render           | Saved: '/data3/hugin/vsr/stimuli/m4a_v1_counterbalanced_pilot_j2/images/m4a_v1_counterbalanced_pilot_j2_00035.png'
01:24.358  render           | Saved: '/data3/hugin/vsr/stimuli/m4a_v1_counterbalanced_pilot_j2/.m4a_v1_counterbalanced_pilot_j2_00035_id.png'
01:24.498  render           | Saved: '/data3/hugin/vsr/stimuli/m4a_v1_counterbalanced_pilot_j2/.m4a_v1_counterbalanced_pilot_j2_00035_solo0_id.png'
01:24.616  render           | Saved: '/data3/hugin/vsr/stimuli/m4a_v1_counterbalanced_pilot_j2/.m4a_v1_counterbalanced_pilot_j2_00035_solo1_id.png'
01:26.384  render           | Saved: '/data3/hugin/vsr/stimuli/m4a_v1_counterbalanced_pilot_j2/images/m4a_v1_counterbalanced_pilot_j2_00036.png'
01:26.435  render           | Saved: '/data3/hugin/vsr/stimuli/m4a_v1_counterbalanced_pilot_j2/.m4a_v1_counterbalanced_pilot_j2_00036_id.png'
01:26.579  render           | Saved: '/data3/hugin/vsr/stimuli/m4a_v1_counterbalanced_pilot_j2/.m4a_v1_counterbalanced_pilot_j2_00036_solo0_id.png'
01:26.715  render           | Saved: '/data3/hugin/vsr/stimuli/m4a_v1_counterbalanced_pilot_j2/.m4a_v1_counterbalanced_pilot_j2_00036_solo1_id.png'
01:28.522  render           | Saved: '/data3/hugin/vsr/stimuli/m4a_v1_counterbalanced_pilot_j2/images/m4a_v1_counterbalanced_pilot_j2_00037.png'
01:28.566  render           | Saved: '/data3/hugin/vsr/stimuli/m4a_v1_counterbalanced_pilot_j2/.m4a_v1_counterbalanced_pilot_j2_00037_id.png'
01:28.706  render           | Saved: '/data3/hugin/vsr/stimuli/m4a_v1_counterbalanced_pilot_j2/.m4a_v1_counterbalanced_pilot_j2_00037_solo0_id.png'
01:28.827  render           | Saved: '/data3/hugin/vsr/stimuli/m4a_v1_counterbalanced_pilot_j2/.m4a_v1_counterbalanced_pilot_j2_00037_solo1_id.png'
01:30.514  render           | Saved: '/data3/hugin/vsr/stimuli/m4a_v1_counterbalanced_pilot_j2/images/m4a_v1_counterbalanced_pilot_j2_00038.png'
01:30.562  render           | Saved: '/data3/hugin/vsr/stimuli/m4a_v1_counterbalanced_pilot_j2/.m4a_v1_counterbalanced_pilot_j2_00038_id.png'
01:30.706  render           | Saved: '/data3/hugin/vsr/stimuli/m4a_v1_counterbalanced_pilot_j2/.m4a_v1_counterbalanced_pilot_j2_00038_solo0_id.png'
01:30.837  render           | Saved: '/data3/hugin/vsr/stimuli/m4a_v1_counterbalanced_pilot_j2/.m4a_v1_counterbalanced_pilot_j2_00038_solo1_id.png'
01:32.593  render           | Saved: '/data3/hugin/vsr/stimuli/m4a_v1_counterbalanced_pilot_j2/images/m4a_v1_counterbalanced_pilot_j2_00039.png'
01:32.644  render           | Saved: '/data3/hugin/vsr/stimuli/m4a_v1_counterbalanced_pilot_j2/.m4a_v1_counterbalanced_pilot_j2_00039_id.png'
01:32.791  render           | Saved: '/data3/hugin/vsr/stimuli/m4a_v1_counterbalanced_pilot_j2/.m4a_v1_counterbalanced_pilot_j2_00039_solo0_id.png'
01:32.920  render           | Saved: '/data3/hugin/vsr/stimuli/m4a_v1_counterbalanced_pilot_j2/.m4a_v1_counterbalanced_pilot_j2_00039_solo1_id.png'
01:33.060  render           | Saved: '/data3/hugin/vsr/stimuli/m4a_v1_counterbalanced_pilot_j2/.m4a_v1_counterbalanced_pilot_j2_00039_solo2_id.png'
01:34.876  render           | Saved: '/data3/hugin/vsr/stimuli/m4a_v1_counterbalanced_pilot_j2/images/m4a_v1_counterbalanced_pilot_j2_00040.png'
01:34.931  render           | Saved: '/data3/hugin/vsr/stimuli/m4a_v1_counterbalanced_pilot_j2/.m4a_v1_counterbalanced_pilot_j2_00040_id.png'
01:35.073  render           | Saved: '/data3/hugin/vsr/stimuli/m4a_v1_counterbalanced_pilot_j2/.m4a_v1_counterbalanced_pilot_j2_00040_solo0_id.png'
01:35.216  render           | Saved: '/data3/hugin/vsr/stimuli/m4a_v1_counterbalanced_pilot_j2/.m4a_v1_counterbalanced_pilot_j2_00040_solo1_id.png'
01:37.200  render           | Saved: '/data3/hugin/vsr/stimuli/m4a_v1_counterbalanced_pilot_j2/images/m4a_v1_counterbalanced_pilot_j2_00041.png'
01:37.251  render           | Saved: '/data3/hugin/vsr/stimuli/m4a_v1_counterbalanced_pilot_j2/.m4a_v1_counterbalanced_pilot_j2_00041_id.png'
01:37.404  render           | Saved: '/data3/hugin/vsr/stimuli/m4a_v1_counterbalanced_pilot_j2/.m4a_v1_counterbalanced_pilot_j2_00041_solo0_id.png'
01:37.526  render           | Saved: '/data3/hugin/vsr/stimuli/m4a_v1_counterbalanced_pilot_j2/.m4a_v1_counterbalanced_pilot_j2_00041_solo1_id.png'
01:39.283  render           | Saved: '/data3/hugin/vsr/stimuli/m4a_v1_counterbalanced_pilot_j2/images/m4a_v1_counterbalanced_pilot_j2_00042.png'
01:39.334  render           | Saved: '/data3/hugin/vsr/stimuli/m4a_v1_counterbalanced_pilot_j2/.m4a_v1_counterbalanced_pilot_j2_00042_id.png'
01:39.478  render           | Saved: '/data3/hugin/vsr/stimuli/m4a_v1_counterbalanced_pilot_j2/.m4a_v1_counterbalanced_pilot_j2_00042_solo0_id.png'
01:39.614  render           | Saved: '/data3/hugin/vsr/stimuli/m4a_v1_counterbalanced_pilot_j2/.m4a_v1_counterbalanced_pilot_j2_00042_solo1_id.png'
01:41.430  render           | Saved: '/data3/hugin/vsr/stimuli/m4a_v1_counterbalanced_pilot_j2/images/m4a_v1_counterbalanced_pilot_j2_00043.png'
01:41.480  render           | Saved: '/data3/hugin/vsr/stimuli/m4a_v1_counterbalanced_pilot_j2/.m4a_v1_counterbalanced_pilot_j2_00043_id.png'
01:41.619  render           | Saved: '/data3/hugin/vsr/stimuli/m4a_v1_counterbalanced_pilot_j2/.m4a_v1_counterbalanced_pilot_j2_00043_solo0_id.png'
01:41.766  render           | Saved: '/data3/hugin/vsr/stimuli/m4a_v1_counterbalanced_pilot_j2/.m4a_v1_counterbalanced_pilot_j2_00043_solo1_id.png'
01:43.672  render           | Saved: '/data3/hugin/vsr/stimuli/m4a_v1_counterbalanced_pilot_j2/images/m4a_v1_counterbalanced_pilot_j2_00044.png'
01:43.726  render           | Saved: '/data3/hugin/vsr/stimuli/m4a_v1_counterbalanced_pilot_j2/.m4a_v1_counterbalanced_pilot_j2_00044_id.png'
01:43.901  render           | Saved: '/data3/hugin/vsr/stimuli/m4a_v1_counterbalanced_pilot_j2/.m4a_v1_counterbalanced_pilot_j2_00044_solo0_id.png'
01:44.032  render           | Saved: '/data3/hugin/vsr/stimuli/m4a_v1_counterbalanced_pilot_j2/.m4a_v1_counterbalanced_pilot_j2_00044_solo1_id.png'
01:44.163  render           | Saved: '/data3/hugin/vsr/stimuli/m4a_v1_counterbalanced_pilot_j2/.m4a_v1_counterbalanced_pilot_j2_00044_solo2_id.png'
01:45.937  render           | Saved: '/data3/hugin/vsr/stimuli/m4a_v1_counterbalanced_pilot_j2/images/m4a_v1_counterbalanced_pilot_j2_00045.png'
01:45.984  render           | Saved: '/data3/hugin/vsr/stimuli/m4a_v1_counterbalanced_pilot_j2/.m4a_v1_counterbalanced_pilot_j2_00045_id.png'
01:46.136  render           | Saved: '/data3/hugin/vsr/stimuli/m4a_v1_counterbalanced_pilot_j2/.m4a_v1_counterbalanced_pilot_j2_00045_solo0_id.png'
01:46.269  render           | Saved: '/data3/hugin/vsr/stimuli/m4a_v1_counterbalanced_pilot_j2/.m4a_v1_counterbalanced_pilot_j2_00045_solo1_id.png'
01:46.396  render           | Saved: '/data3/hugin/vsr/stimuli/m4a_v1_counterbalanced_pilot_j2/.m4a_v1_counterbalanced_pilot_j2_00045_solo2_id.png'
01:48.127  render           | Saved: '/data3/hugin/vsr/stimuli/m4a_v1_counterbalanced_pilot_j2/images/m4a_v1_counterbalanced_pilot_j2_00046.png'
01:48.173  render           | Saved: '/data3/hugin/vsr/stimuli/m4a_v1_counterbalanced_pilot_j2/.m4a_v1_counterbalanced_pilot_j2_00046_id.png'
01:48.316  render           | Saved: '/data3/hugin/vsr/stimuli/m4a_v1_counterbalanced_pilot_j2/.m4a_v1_counterbalanced_pilot_j2_00046_solo0_id.png'
01:48.439  render           | Saved: '/data3/hugin/vsr/stimuli/m4a_v1_counterbalanced_pilot_j2/.m4a_v1_counterbalanced_pilot_j2_00046_solo1_id.png'
01:50.161  render           | Saved: '/data3/hugin/vsr/stimuli/m4a_v1_counterbalanced_pilot_j2/images/m4a_v1_counterbalanced_pilot_j2_00047.png'
01:50.216  render           | Saved: '/data3/hugin/vsr/stimuli/m4a_v1_counterbalanced_pilot_j2/.m4a_v1_counterbalanced_pilot_j2_00047_id.png'
01:50.355  render           | Saved: '/data3/hugin/vsr/stimuli/m4a_v1_counterbalanced_pilot_j2/.m4a_v1_counterbalanced_pilot_j2_00047_solo0_id.png'
01:50.498  render           | Saved: '/data3/hugin/vsr/stimuli/m4a_v1_counterbalanced_pilot_j2/.m4a_v1_counterbalanced_pilot_j2_00047_solo1_id.png'
01:52.305  render           | Saved: '/data3/hugin/vsr/stimuli/m4a_v1_counterbalanced_pilot_j2/images/m4a_v1_counterbalanced_pilot_j2_00048.png'
01:52.349  render           | Saved: '/data3/hugin/vsr/stimuli/m4a_v1_counterbalanced_pilot_j2/.m4a_v1_counterbalanced_pilot_j2_00048_id.png'
01:52.491  render           | Saved: '/data3/hugin/vsr/stimuli/m4a_v1_counterbalanced_pilot_j2/.m4a_v1_counterbalanced_pilot_j2_00048_solo0_id.png'
01:52.624  render           | Saved: '/data3/hugin/vsr/stimuli/m4a_v1_counterbalanced_pilot_j2/.m4a_v1_counterbalanced_pilot_j2_00048_solo1_id.png'
01:54.656  render           | Saved: '/data3/hugin/vsr/stimuli/m4a_v1_counterbalanced_pilot_j2/images/m4a_v1_counterbalanced_pilot_j2_00049.png'
01:54.710  render           | Saved: '/data3/hugin/vsr/stimuli/m4a_v1_counterbalanced_pilot_j2/.m4a_v1_counterbalanced_pilot_j2_00049_id.png'
01:54.875  render           | Saved: '/data3/hugin/vsr/stimuli/m4a_v1_counterbalanced_pilot_j2/.m4a_v1_counterbalanced_pilot_j2_00049_solo0_id.png'
01:55.005  render           | Saved: '/data3/hugin/vsr/stimuli/m4a_v1_counterbalanced_pilot_j2/.m4a_v1_counterbalanced_pilot_j2_00049_solo1_id.png'
01:55.151  render           | Saved: '/data3/hugin/vsr/stimuli/m4a_v1_counterbalanced_pilot_j2/.m4a_v1_counterbalanced_pilot_j2_00049_solo2_id.png'
02:08:57 INFO sbind.render: 50/60 rendered (2.28 s/img)
01:57.144  render           | Saved: '/data3/hugin/vsr/stimuli/m4a_v1_counterbalanced_pilot_j2/images/m4a_v1_counterbalanced_pilot_j2_00050.png'
01:57.190  render           | Saved: '/data3/hugin/vsr/stimuli/m4a_v1_counterbalanced_pilot_j2/.m4a_v1_counterbalanced_pilot_j2_00050_id.png'
01:57.345  render           | Saved: '/data3/hugin/vsr/stimuli/m4a_v1_counterbalanced_pilot_j2/.m4a_v1_counterbalanced_pilot_j2_00050_solo0_id.png'
01:57.473  render           | Saved: '/data3/hugin/vsr/stimuli/m4a_v1_counterbalanced_pilot_j2/.m4a_v1_counterbalanced_pilot_j2_00050_solo1_id.png'
01:57.611  render           | Saved: '/data3/hugin/vsr/stimuli/m4a_v1_counterbalanced_pilot_j2/.m4a_v1_counterbalanced_pilot_j2_00050_solo2_id.png'
01:59.633  render           | Saved: '/data3/hugin/vsr/stimuli/m4a_v1_counterbalanced_pilot_j2/images/m4a_v1_counterbalanced_pilot_j2_00051.png'
01:59.686  render           | Saved: '/data3/hugin/vsr/stimuli/m4a_v1_counterbalanced_pilot_j2/.m4a_v1_counterbalanced_pilot_j2_00051_id.png'
01:59.839  render           | Saved: '/data3/hugin/vsr/stimuli/m4a_v1_counterbalanced_pilot_j2/.m4a_v1_counterbalanced_pilot_j2_00051_solo0_id.png'
01:59.970  render           | Saved: '/data3/hugin/vsr/stimuli/m4a_v1_counterbalanced_pilot_j2/.m4a_v1_counterbalanced_pilot_j2_00051_solo1_id.png'
02:01.857  render           | Saved: '/data3/hugin/vsr/stimuli/m4a_v1_counterbalanced_pilot_j2/images/m4a_v1_counterbalanced_pilot_j2_00052.png'
02:01.912  render           | Saved: '/data3/hugin/vsr/stimuli/m4a_v1_counterbalanced_pilot_j2/.m4a_v1_counterbalanced_pilot_j2_00052_id.png'
02:02.073  render           | Saved: '/data3/hugin/vsr/stimuli/m4a_v1_counterbalanced_pilot_j2/.m4a_v1_counterbalanced_pilot_j2_00052_solo0_id.png'
02:02.218  render           | Saved: '/data3/hugin/vsr/stimuli/m4a_v1_counterbalanced_pilot_j2/.m4a_v1_counterbalanced_pilot_j2_00052_solo1_id.png'
02:04.157  render           | Saved: '/data3/hugin/vsr/stimuli/m4a_v1_counterbalanced_pilot_j2/images/m4a_v1_counterbalanced_pilot_j2_00053.png'
02:04.204  render           | Saved: '/data3/hugin/vsr/stimuli/m4a_v1_counterbalanced_pilot_j2/.m4a_v1_counterbalanced_pilot_j2_00053_id.png'
02:04.372  render           | Saved: '/data3/hugin/vsr/stimuli/m4a_v1_counterbalanced_pilot_j2/.m4a_v1_counterbalanced_pilot_j2_00053_solo0_id.png'
02:04.496  render           | Saved: '/data3/hugin/vsr/stimuli/m4a_v1_counterbalanced_pilot_j2/.m4a_v1_counterbalanced_pilot_j2_00053_solo1_id.png'
02:04.623  render           | Saved: '/data3/hugin/vsr/stimuli/m4a_v1_counterbalanced_pilot_j2/.m4a_v1_counterbalanced_pilot_j2_00053_solo2_id.png'
02:04.749  render           | Saved: '/data3/hugin/vsr/stimuli/m4a_v1_counterbalanced_pilot_j2/.m4a_v1_counterbalanced_pilot_j2_00053_solo3_id.png'
02:06.799  render           | Saved: '/data3/hugin/vsr/stimuli/m4a_v1_counterbalanced_pilot_j2/images/m4a_v1_counterbalanced_pilot_j2_00054.png'
02:06.872  render           | Saved: '/data3/hugin/vsr/stimuli/m4a_v1_counterbalanced_pilot_j2/.m4a_v1_counterbalanced_pilot_j2_00054_id.png'
02:07.037  render           | Saved: '/data3/hugin/vsr/stimuli/m4a_v1_counterbalanced_pilot_j2/.m4a_v1_counterbalanced_pilot_j2_00054_solo0_id.png'
02:07.163  render           | Saved: '/data3/hugin/vsr/stimuli/m4a_v1_counterbalanced_pilot_j2/.m4a_v1_counterbalanced_pilot_j2_00054_solo1_id.png'
02:08.974  render           | Saved: '/data3/hugin/vsr/stimuli/m4a_v1_counterbalanced_pilot_j2/images/m4a_v1_counterbalanced_pilot_j2_00055.png'
02:09.021  render           | Saved: '/data3/hugin/vsr/stimuli/m4a_v1_counterbalanced_pilot_j2/.m4a_v1_counterbalanced_pilot_j2_00055_id.png'
02:09.166  render           | Saved: '/data3/hugin/vsr/stimuli/m4a_v1_counterbalanced_pilot_j2/.m4a_v1_counterbalanced_pilot_j2_00055_solo0_id.png'
02:09.287  render           | Saved: '/data3/hugin/vsr/stimuli/m4a_v1_counterbalanced_pilot_j2/.m4a_v1_counterbalanced_pilot_j2_00055_solo1_id.png'
02:09.415  render           | Saved: '/data3/hugin/vsr/stimuli/m4a_v1_counterbalanced_pilot_j2/.m4a_v1_counterbalanced_pilot_j2_00055_solo2_id.png'
02:11.329  render           | Saved: '/data3/hugin/vsr/stimuli/m4a_v1_counterbalanced_pilot_j2/images/m4a_v1_counterbalanced_pilot_j2_00056.png'
02:11.387  render           | Saved: '/data3/hugin/vsr/stimuli/m4a_v1_counterbalanced_pilot_j2/.m4a_v1_counterbalanced_pilot_j2_00056_id.png'
02:11.541  render           | Saved: '/data3/hugin/vsr/stimuli/m4a_v1_counterbalanced_pilot_j2/.m4a_v1_counterbalanced_pilot_j2_00056_solo0_id.png'
02:11.688  render           | Saved: '/data3/hugin/vsr/stimuli/m4a_v1_counterbalanced_pilot_j2/.m4a_v1_counterbalanced_pilot_j2_00056_solo1_id.png'
02:11.835  render           | Saved: '/data3/hugin/vsr/stimuli/m4a_v1_counterbalanced_pilot_j2/.m4a_v1_counterbalanced_pilot_j2_00056_solo2_id.png'
02:13.626  render           | Saved: '/data3/hugin/vsr/stimuli/m4a_v1_counterbalanced_pilot_j2/images/m4a_v1_counterbalanced_pilot_j2_00057.png'
02:13.677  render           | Saved: '/data3/hugin/vsr/stimuli/m4a_v1_counterbalanced_pilot_j2/.m4a_v1_counterbalanced_pilot_j2_00057_id.png'
02:13.820  render           | Saved: '/data3/hugin/vsr/stimuli/m4a_v1_counterbalanced_pilot_j2/.m4a_v1_counterbalanced_pilot_j2_00057_solo0_id.png'
02:13.963  render           | Saved: '/data3/hugin/vsr/stimuli/m4a_v1_counterbalanced_pilot_j2/.m4a_v1_counterbalanced_pilot_j2_00057_solo1_id.png'
02:15.859  render           | Saved: '/data3/hugin/vsr/stimuli/m4a_v1_counterbalanced_pilot_j2/images/m4a_v1_counterbalanced_pilot_j2_00058.png'
02:15.904  render           | Saved: '/data3/hugin/vsr/stimuli/m4a_v1_counterbalanced_pilot_j2/.m4a_v1_counterbalanced_pilot_j2_00058_id.png'
02:16.040  render           | Saved: '/data3/hugin/vsr/stimuli/m4a_v1_counterbalanced_pilot_j2/.m4a_v1_counterbalanced_pilot_j2_00058_solo0_id.png'
02:16.171  render           | Saved: '/data3/hugin/vsr/stimuli/m4a_v1_counterbalanced_pilot_j2/.m4a_v1_counterbalanced_pilot_j2_00058_solo1_id.png'
02:18.048  render           | Saved: '/data3/hugin/vsr/stimuli/m4a_v1_counterbalanced_pilot_j2/images/m4a_v1_counterbalanced_pilot_j2_00059.png'
02:18.102  render           | Saved: '/data3/hugin/vsr/stimuli/m4a_v1_counterbalanced_pilot_j2/.m4a_v1_counterbalanced_pilot_j2_00059_id.png'
02:18.244  render           | Saved: '/data3/hugin/vsr/stimuli/m4a_v1_counterbalanced_pilot_j2/.m4a_v1_counterbalanced_pilot_j2_00059_solo0_id.png'
02:18.379  render           | Saved: '/data3/hugin/vsr/stimuli/m4a_v1_counterbalanced_pilot_j2/.m4a_v1_counterbalanced_pilot_j2_00059_solo1_id.png'
02:09:20 INFO sbind.render: done: 60 newly rendered, 60 total -> /data3/hugin/vsr/stimuli/m4a_v1_counterbalanced_pilot_j2/annotations.jsonl (2.3 min)
